+ cc -O2 -fno-builtin -fPIC -Wall -Wextra -Werror -c ./src/server.c
+ cc -O2 -fno-builtin -fPIC -Wall -Wextra -Werror -c ./build/assembly.S
+ ar rc libblst.a assembly.o server.o
+ ranlib libblst.a
unit
+- run test stderr
DEBUG: JournaledState.getAccount called
DEBUG: address bytes[0..4]={ 170, 0, 0, 0 }
DEBUG: checking normal cache...
DEBUG: checking fork_backend...
DEBUG: no fork backend, returning empty account
DEBUG: JournaledState.getAccount called
DEBUG: address bytes[0..4]={ 170, 0, 0, 0 }
DEBUG: checking normal cache...
DEBUG: checking fork_backend...
DEBUG: no fork backend, returning empty account
DEBUG: JournaledState.getAccount called
DEBUG: address bytes[0..4]={ 170, 0, 0, 0 }
DEBUG: checking normal cache...
DEBUG: found in normal cache
DEBUG: JournaledState.getAccount called
DEBUG: address bytes[0..4]={ 170, 0, 0, 0 }
DEBUG: checking normal cache...
DEBUG: found in normal cache
DEBUG: JournaledState.getAccount called
DEBUG: address bytes[0..4]={ 170, 0, 0, 0 }
DEBUG: checking normal cache...
DEBUG: found in normal cache
DEBUG: JournaledState.getAccount called
DEBUG: address bytes[0..4]={ 187, 0, 0, 0 }
DEBUG: checking normal cache...
DEBUG: checking fork_backend...
DEBUG: no fork backend, returning empty account
DEBUG: JournaledState.getAccount called
DEBUG: address bytes[0..4]={ 187, 0, 0, 0 }
DEBUG: checking normal cache...
DEBUG: checking fork_backend...
DEBUG: no fork backend, returning empty account
DEBUG: JournaledState.getAccount called
DEBUG: address bytes[0..4]={ 187, 0, 0, 0 }
DEBUG: checking normal cache...
DEBUG: found in normal cache
DEBUG: JournaledState.getAccount called
DEBUG: address bytes[0..4]={ 238, 0, 0, 0 }
DEBUG: checking normal cache...
DEBUG: checking fork_backend...
DEBUG: no fork backend, returning empty account
DEBUG: JournaledState.getAccount called
DEBUG: address bytes[0..4]={ 238, 0, 0, 0 }
DEBUG: checking normal cache...
DEBUG: found in normal cache
DEBUG: JournaledState.getAccount called
DEBUG: address bytes[0..4]={ 238, 0, 0, 0 }
DEBUG: checking normal cache...
DEBUG: found in normal cache
DEBUG: JournaledState.getAccount called
DEBUG: address bytes[0..4]={ 238, 0, 0, 0 }
DEBUG: checking normal cache...
DEBUG: found in normal cache
DEBUG: JournaledState.getAccount called
DEBUG: address bytes[0..4]={ 238, 0, 0, 0 }
DEBUG: checking normal cache...
DEBUG: found in normal cache
DEBUG: JournaledState.getAccount called
DEBUG: address bytes[0..4]={ 1, 0, 0, 0 }
DEBUG: checking normal cache...
DEBUG: checking fork_backend...
DEBUG: no fork backend, returning empty account
DEBUG: JournaledState.getAccount called
DEBUG: address bytes[0..4]={ 2, 0, 0, 0 }
DEBUG: checking normal cache...
DEBUG: checking fork_backend...
DEBUG: no fork backend, returning empty account
DEBUG: JournaledState.getAccount called
DEBUG: address bytes[0..4]={ 1, 0, 0, 0 }
DEBUG: checking normal cache...
DEBUG: found in normal cache
DEBUG: JournaledState.getAccount called
DEBUG: address bytes[0..4]={ 2, 0, 0, 0 }
DEBUG: checking normal cache...
DEBUG: found in normal cache
DEBUG: JournaledState.getAccount called
DEBUG: address bytes[0..4]={ 255, 0, 0, 0 }
DEBUG: checking normal cache...
DEBUG: checking fork_backend...
DEBUG: no fork backend, returning empty account
DEBUG: JournaledState.getAccount called
DEBUG: address bytes[0..4]={ 255, 0, 0, 0 }
DEBUG: checking normal cache...
DEBUG: checking fork_backend...
DEBUG: no fork backend, returning empty account
DEBUG: JournaledState.getAccount called
DEBUG: address bytes[0..4]={ 66, 0, 0, 0 }
DEBUG: checking normal cache...
DEBUG: checking fork_backend...
DEBUG: no fork backend, returning empty account
DEBUG: JournaledState.getAccount called
DEBUG: address bytes[0..4]={ 66, 0, 0, 0 }
DEBUG: checking normal cache...
DEBUG: found in normal cache
DEBUG: JournaledState.getAccount called
DEBUG: address bytes[0..4]={ 66, 0, 0, 0 }
DEBUG: checking normal cache...
DEBUG: found in normal cache
DEBUG: JournaledState.getAccount called
DEBUG: address bytes[0..4]={ 66, 0, 0, 0 }
DEBUG: checking normal cache...
DEBUG: found in normal cache
unit
+- run test
   +- compile test Debug native 7 errors
client/engine/api.zig:10:71: error: no field named 'engine_getClientVersionV1' in union 'engine.methods.EngineMethod'
const ClientVersionV1Method = @FieldType(jsonrpc.engine.EngineMethod, "engine_getClientVersionV1");
                                                                      ^~~~~~~~~~~~~~~~~~~~~~~~~~~
/Users/williamcory/voltaire/packages/voltaire-zig/src/jsonrpc/engine/methods.zig:27:26: note: union declared here
pub const EngineMethod = union(enum) {
                         ^~~~~
referenced by:
    ClientVersionV1Params: client/engine/api.zig:18:46
    test.engine api rejects invalid client version response: client/engine/api.zig:893:20
    4 reference(s) hidden; use '-freference-trace=6' to see all references
client/engine/api.zig:359:5: error: Unsupported Engine API capability list type
    @compileError("Unsupported Engine API capability list type");
    ^~~~~~~~~~~~~~~~~~~~~~~~~~~~~~~~~~~~~~~~~~~~~~~~~~~~~~~~~~~~
client/engine/api.zig:558:62: error: no field named 'value' in struct 'types.Quantity'
        .consensus_client_methods = jsonrpc.types.Quantity{ .value = .{ .array = invalid_array } },
                                                             ^~~~~
/Users/williamcory/voltaire/packages/voltaire-zig/src/jsonrpc/types/Quantity.zig:1:1: note: struct declared here
const std = @import("std");
^~~~~
client/engine/api.zig:706:68: error: no field named 'value' in struct 'types.Quantity'
        .consensus_client_configuration = jsonrpc.types.Quantity{ .value = .{ .object = obj } },
                                                                   ^~~~~
/Users/williamcory/voltaire/packages/voltaire-zig/src/jsonrpc/types/Quantity.zig:1:1: note: struct declared here
const std = @import("std");
^~~~~
client/engine/api.zig:737:68: error: no field named 'value' in struct 'types.Quantity'
        .consensus_client_configuration = jsonrpc.types.Quantity{ .value = .{ .object = obj } },
                                                                   ^~~~~
/Users/williamcory/voltaire/packages/voltaire-zig/src/jsonrpc/types/Quantity.zig:1:1: note: struct declared here
const std = @import("std");
^~~~~
client/engine/api.zig:758:68: error: no field named 'value' in struct 'types.Quantity'
        .consensus_client_configuration = jsonrpc.types.Quantity{ .value = .{ .object = good_obj } },
                                                                   ^~~~~
/Users/williamcory/voltaire/packages/voltaire-zig/src/jsonrpc/types/Quantity.zig:1:1: note: struct declared here
const std = @import("std");
^~~~~
client/engine/api.zig:817:79: error: no field named 'value' in struct 'types.Quantity'
    const params = GetPayloadV1Params{ .payload_id = jsonrpc.types.Quantity{ .value = .{ .string = "0x01" } } };
                                                                              ^~~~~
/Users/williamcory/voltaire/packages/voltaire-zig/src/jsonrpc/types/Quantity.zig:1:1: note: struct declared here
const std = @import("std");
^~~~~
error: the following command failed with 7 compilation errors:
/Users/williamcory/.zvm/0.15.2/zig test -ODebug --dep primitives --dep crypto --dep jsonrpc -Mroot=/Users/williamcory/guillotine-mini/client/engine/root.zig .zig-cache/o/bb74f6123bb67e452b6af015f4c98ed2/libc-kzg-4844.a .zig-cache/o/4b4b9c039063ff95c613d3c16ed22aa8/libblst.a /Users/williamcory/voltaire/target/release/libcrypto_wrappers.a -ODebug -I .zig-cache/o/a6fb089e932f705ef1065695b36c6e90 -I .zig-cache/o/a6fb089e932f705ef1065695b36c6e90 -I /Users/williamcory/guillotine-mini/../voltaire/packages/voltaire-zig/lib --dep crypto --dep z_ens_normalize -Mprimitives=/Users/williamcory/voltaire/packages/voltaire-zig/src/primitives/root.zig .zig-cache/o/bb74f6123bb67e452b6af015f4c98ed2/libc-kzg-4844.a .zig-cache/o/4b4b9c039063ff95c613d3c16ed22aa8/libblst.a /Users/williamcory/voltaire/target/release/libcrypto_wrappers.a -ODebug -I /Users/williamcory/guillotine-mini/../voltaire/packages/voltaire-zig/lib -I .zig-cache/o/a6fb089e932f705ef1065695b36c6e90 -I .zig-cache/o/a6fb089e932f705ef1065695b36c6e90 -I /Users/williamcory/guillotine-mini/../voltaire/packages/voltaire-zig/lib --dep c_kzg --dep primitives -Mcrypto=/Users/williamcory/voltaire/packages/voltaire-zig/src/crypto/root.zig -ODebug --dep primitives --dep crypto -Mjsonrpc=/Users/williamcory/voltaire/packages/voltaire-zig/src/jsonrpc/root.zig -ODebug -Mz_ens_normalize=/Users/williamcory/.cache/zig/p/z_ens_normalize-0.0.0-Iv6nMI2_AgCrLtEnZZnoeP87kZtP-36iIWzj3cD3v-vd/src/root.zig .zig-cache/o/bb74f6123bb67e452b6af015f4c98ed2/libc-kzg-4844.a .zig-cache/o/4b4b9c039063ff95c613d3c16ed22aa8/libblst.a -ODebug -I .zig-cache/o/a6fb089e932f705ef1065695b36c6e90 -I .zig-cache/o/a6fb089e932f705ef1065695b36c6e90 -I /Users/williamcory/guillotine-mini/../voltaire/packages/voltaire-zig/lib/c-kzg-4844/src -I /Users/williamcory/guillotine-mini/../voltaire/packages/voltaire-zig/lib/c-kzg-4844/blst/bindings -Mc_kzg=/Users/williamcory/voltaire/packages/voltaire-zig/lib/c-kzg-4844/bindings/zig/root.zig .zig-cache/o/4b4b9c039063ff95c613d3c16ed22aa8/libblst.a -lc --cache-dir .zig-cache --global-cache-dir /Users/williamcory/.cache/zig --name test --zig-lib-dir /Users/williamcory/.zvm/0.15.2/lib/ --listen=-
unit
+- run test
   +- compile test Debug native 1 errors
client/blockchain/chain.zig:416:32: error: expected 32 array elements; found 1
    h_a.parent_hash = Hash.Hash{0x11} ** 32;
                      ~~~~~~~~~^~~~~~
referenced by:
    chain: client/blockchain/root.zig:2:23
    Chain: client/blockchain/root.zig:12:19
    2 reference(s) hidden; use '-freference-trace=4' to see all references
error: the following command failed with 1 compilation errors:
/Users/williamcory/.zvm/0.15.2/zig test -ODebug --dep primitives --dep blockchain -Mroot=/Users/williamcory/guillotine-mini/client/blockchain/root.zig .zig-cache/o/bb74f6123bb67e452b6af015f4c98ed2/libc-kzg-4844.a .zig-cache/o/4b4b9c039063ff95c613d3c16ed22aa8/libblst.a /Users/williamcory/voltaire/target/release/libcrypto_wrappers.a -ODebug -I .zig-cache/o/a6fb089e932f705ef1065695b36c6e90 -I .zig-cache/o/a6fb089e932f705ef1065695b36c6e90 -I /Users/williamcory/guillotine-mini/../voltaire/packages/voltaire-zig/lib --dep crypto --dep z_ens_normalize -Mprimitives=/Users/williamcory/voltaire/packages/voltaire-zig/src/primitives/root.zig .zig-cache/o/bb74f6123bb67e452b6af015f4c98ed2/libc-kzg-4844.a .zig-cache/o/4b4b9c039063ff95c613d3c16ed22aa8/libblst.a /Users/williamcory/voltaire/target/release/libcrypto_wrappers.a -ODebug -I .zig-cache/o/a6fb089e932f705ef1065695b36c6e90 -I .zig-cache/o/a6fb089e932f705ef1065695b36c6e90 -I /Users/williamcory/guillotine-mini/../voltaire/packages/voltaire-zig/lib --dep primitives -Mblockchain=/Users/williamcory/voltaire/packages/voltaire-zig/src/blockchain/root.zig .zig-cache/o/bb74f6123bb67e452b6af015f4c98ed2/libc-kzg-4844.a .zig-cache/o/4b4b9c039063ff95c613d3c16ed22aa8/libblst.a /Users/williamcory/voltaire/target/release/libcrypto_wrappers.a -ODebug -I /Users/williamcory/guillotine-mini/../voltaire/packages/voltaire-zig/lib -I .zig-cache/o/a6fb089e932f705ef1065695b36c6e90 -I .zig-cache/o/a6fb089e932f705ef1065695b36c6e90 -I /Users/williamcory/guillotine-mini/../voltaire/packages/voltaire-zig/lib --dep c_kzg --dep primitives -Mcrypto=/Users/williamcory/voltaire/packages/voltaire-zig/src/crypto/root.zig -ODebug -Mz_ens_normalize=/Users/williamcory/.cache/zig/p/z_ens_normalize-0.0.0-Iv6nMI2_AgCrLtEnZZnoeP87kZtP-36iIWzj3cD3v-vd/src/root.zig .zig-cache/o/bb74f6123bb67e452b6af015f4c98ed2/libc-kzg-4844.a .zig-cache/o/4b4b9c039063ff95c613d3c16ed22aa8/libblst.a -ODebug -I .zig-cache/o/a6fb089e932f705ef1065695b36c6e90 -I .zig-cache/o/a6fb089e932f705ef1065695b36c6e90 -I /Users/williamcory/guillotine-mini/../voltaire/packages/voltaire-zig/lib/c-kzg-4844/src -I /Users/williamcory/guillotine-mini/../voltaire/packages/voltaire-zig/lib/c-kzg-4844/blst/bindings -Mc_kzg=/Users/williamcory/voltaire/packages/voltaire-zig/lib/c-kzg-4844/bindings/zig/root.zig .zig-cache/o/4b4b9c039063ff95c613d3c16ed22aa8/libblst.a -lc --cache-dir .zig-cache --global-cache-dir /Users/williamcory/.cache/zig --name test --zig-lib-dir /Users/williamcory/.zvm/0.15.2/lib/ --listen=-

Build Summary: 25/30 steps succeeded; 2 failed; 847/848 tests passed; 1 skipped
unit transitive failure
+- run test transitive failure
|  +- compile test Debug native 1 errors
+- run test transitive failure
   +- compile test Debug native 7 errors

error: the following build command failed with exit code 1:
.zig-cache/o/5727250b48c5ecba158e832c90be2c16/build /Users/williamcory/.zvm/0.15.2/zig /Users/williamcory/.zvm/0.15.2/lib /Users/williamcory/guillotine-mini .zig-cache /Users/williamcory/.cache/zig --seed 0x6e7e7f00 -Z800d9acefa2d6709 unit
