Specs already built, skipping fill
+ cc -O2 -fno-builtin -fPIC -Wall -Wextra -Werror -c ./src/server.c
+ cc -O2 -fno-builtin -fPIC -Wall -Wextra -Werror -c ./build/assembly.S
+ ar rc libblst.a assembly.o server.o
+ ranlib libblst.a
Found 2208 STATE test JSON files
Generating state test files...
Progress: 100/2208 files...
Progress: 200/2208 files...
Progress: 300/2208 files...
Progress: 400/2208 files...
Progress: 500/2208 files...
Progress: 600/2208 files...
Progress: 700/2208 files...
Progress: 800/2208 files...
Progress: 900/2208 files...
Progress: 1000/2208 files...
Progress: 1100/2208 files...
Progress: 1200/2208 files...
Progress: 1300/2208 files...
Progress: 1400/2208 files...
Progress: 1500/2208 files...
Progress: 1600/2208 files...
Progress: 1700/2208 files...
Progress: 1800/2208 files...
Progress: 1900/2208 files...
Progress: 2000/2208 files...
Progress: 2100/2208 files...
Progress: 2200/2208 files...

Generated 2208 state zig tests in /Users/williamcory/guillotine-mini/test/specs/generated_state
dotnet not found; install the .NET SDK to run nethermind diff
Nethermind diff skipped: dotnet not found
test
+- run test 52/53 passed, 1 failed
error: 'processor.test.validate_transaction — 1559 access list intrinsic gas' failed: DEBUG: JournaledState.getAccount called
DEBUG: address bytes[0..4]={ 170, 0, 0, 0 }
DEBUG: checking normal cache...
DEBUG: checking fork_backend...
DEBUG: no fork backend, returning empty account
DEBUG: JournaledState.getAccount called
DEBUG: address bytes[0..4]={ 170, 0, 0, 0 }
DEBUG: checking normal cache...
DEBUG: checking fork_backend...
DEBUG: no fork backend, returning empty account
DEBUG: JournaledState.getAccount called
DEBUG: address bytes[0..4]={ 170, 0, 0, 0 }
DEBUG: checking normal cache...
DEBUG: found in normal cache
DEBUG: JournaledState.getAccount called
DEBUG: address bytes[0..4]={ 170, 0, 0, 0 }
DEBUG: checking normal cache...
DEBUG: found in normal cache
DEBUG: JournaledState.getAccount called
DEBUG: address bytes[0..4]={ 170, 0, 0, 0 }
DEBUG: checking normal cache...
DEBUG: found in normal cache
DEBUG: JournaledState.getAccount called
DEBUG: address bytes[0..4]={ 187, 0, 0, 0 }
DEBUG: checking normal cache...
DEBUG: checking fork_backend...
DEBUG: no fork backend, returning empty account
DEBUG: JournaledState.getAccount called
DEBUG: address bytes[0..4]={ 187, 0, 0, 0 }
DEBUG: checking normal cache...
DEBUG: checking fork_backend...
DEBUG: no fork backend, returning empty account
DEBUG: JournaledState.getAccount called
DEBUG: address bytes[0..4]={ 187, 0, 0, 0 }
DEBUG: checking normal cache...
DEBUG: found in normal cache
DEBUG: JournaledState.getAccount called
DEBUG: address bytes[0..4]={ 238, 0, 0, 0 }
DEBUG: checking normal cache...
DEBUG: checking fork_backend...
DEBUG: no fork backend, returning empty account
DEBUG: JournaledState.getAccount called
DEBUG: address bytes[0..4]={ 238, 0, 0, 0 }
DEBUG: checking normal cache...
DEBUG: found in normal cache
DEBUG: JournaledState.getAccount called
DEBUG: address bytes[0..4]={ 238, 0, 0, 0 }
DEBUG: checking normal cache...
DEBUG: found in normal cache
DEBUG: JournaledState.getAccount called
DEBUG: address bytes[0..4]={ 238, 0, 0, 0 }
DEBUG: checking normal cache...
DEBUG: found in normal cache
DEBUG: JournaledState.getAccount called
DEBUG: address bytes[0..4]={ 238, 0, 0, 0 }
DEBUG: checking normal cache...
DEBUG: found in normal cache
DEBUG: JournaledState.getAccount called
DEBUG: address bytes[0..4]={ 1, 0, 0, 0 }
DEBUG: checking normal cache...
DEBUG: checking fork_backend...
DEBUG: no fork backend, returning empty account
DEBUG: JournaledState.getAccount called
DEBUG: address bytes[0..4]={ 2, 0, 0, 0 }
DEBUG: checking normal cache...
DEBUG: checking fork_backend...
DEBUG: no fork backend, returning empty account
DEBUG: JournaledState.getAccount called
DEBUG: address bytes[0..4]={ 1, 0, 0, 0 }
DEBUG: checking normal cache...
DEBUG: found in normal cache
DEBUG: JournaledState.getAccount called
DEBUG: address bytes[0..4]={ 2, 0, 0, 0 }
DEBUG: checking normal cache...
DEBUG: found in normal cache
DEBUG: JournaledState.getAccount called
DEBUG: address bytes[0..4]={ 255, 0, 0, 0 }
DEBUG: checking normal cache...
DEBUG: checking fork_backend...
DEBUG: no fork backend, returning empty account
DEBUG: JournaledState.getAccount called
DEBUG: address bytes[0..4]={ 255, 0, 0, 0 }
DEBUG: checking normal cache...
DEBUG: checking fork_backend...
DEBUG: no fork backend, returning empty account
DEBUG: JournaledState.getAccount called
DEBUG: address bytes[0..4]={ 66, 0, 0, 0 }
DEBUG: checking normal cache...
DEBUG: checking fork_backend...
DEBUG: no fork backend, returning empty account
DEBUG: JournaledState.getAccount called
DEBUG: address bytes[0..4]={ 66, 0, 0, 0 }
DEBUG: checking normal cache...
DEBUG: found in normal cache
DEBUG: JournaledState.getAccount called
DEBUG: address bytes[0..4]={ 66, 0, 0, 0 }
DEBUG: checking normal cache...
DEBUG: found in normal cache
DEBUG: JournaledState.getAccount called
DEBUG: address bytes[0..4]={ 66, 0, 0, 0 }
DEBUG: checking normal cache...
DEBUG: found in normal cache
/Users/williamcory/guillotine-mini/client/evm/processor.zig:69:38: 0x102dd640b in validate_transaction__anon_32714 (test)
        if (hardfork.isBefore(fork)) return error.UnsupportedTransactionType;
                                     ^
/Users/williamcory/guillotine-mini/client/evm/processor.zig:291:23: 0x102dd66d3 in test.validate_transaction — 1559 access list intrinsic gas (test)
    const intrinsic = try validate_transaction(tx, .BERLIN);
                      ^
error: while executing test 'processor.test.preprice_transaction — fork gating enforced', the following test command failed:
./.zig-cache/o/da4bbef3c8f41e3b8ab1fea82ef2c903/test --cache-dir=./.zig-cache --seed=0xfb9393db --listen=-
test
+- run test
   +- compile test Debug native 8 errors
client/txpool/limits.zig:72:24: error: root source file struct 'Transaction.Transaction' has no member named 'Eip2930Transaction'
            T == tx_mod.Eip2930Transaction or
                 ~~~~~~^~~~~~~~~~~~~~~~~~~
/Users/williamcory/voltaire/packages/voltaire-zig/src/primitives/Transaction/Transaction.zig:1:1: note: struct declared here
//! Ethereum Transaction Types - Complete transaction format support
^~~~~~~~~~~~~~~~~~~~~~~~~~~~~~~~~~~~~~~~~~~~~~~~~~~~~~~~~~~~~~~~~~~~
referenced by:
    test.fits_gas_limit — works for typed txs (1559, 4844, 7702): client/txpool/limits.zig:1300:23
    limits: client/txpool/root.zig:6:24
    3 reference(s) hidden; use '-freference-trace=5' to see all references
client/txpool/limits.zig:72:24: error: root source file struct 'Transaction.Transaction' has no member named 'Eip2930Transaction'
            T == tx_mod.Eip2930Transaction or
                 ~~~~~~^~~~~~~~~~~~~~~~~~~
/Users/williamcory/voltaire/packages/voltaire-zig/src/primitives/Transaction/Transaction.zig:1:1: note: struct declared here
//! Ethereum Transaction Types - Complete transaction format support
^~~~~~~~~~~~~~~~~~~~~~~~~~~~~~~~~~~~~~~~~~~~~~~~~~~~~~~~~~~~~~~~~~~~
client/txpool/limits.zig:72:24: error: root source file struct 'Transaction.Transaction' has no member named 'Eip2930Transaction'
            T == tx_mod.Eip2930Transaction or
                 ~~~~~~^~~~~~~~~~~~~~~~~~~
/Users/williamcory/voltaire/packages/voltaire-zig/src/primitives/Transaction/Transaction.zig:1:1: note: struct declared here
//! Ethereum Transaction Types - Complete transaction format support
^~~~~~~~~~~~~~~~~~~~~~~~~~~~~~~~~~~~~~~~~~~~~~~~~~~~~~~~~~~~~~~~~~~~
client/txpool/limits.zig:362:36: error: root source file struct 'Transaction.Transaction' has no member named 'Eip2930Transaction'
    } else if (comptime T == tx_mod.Eip2930Transaction) {
                             ~~~~~~^~~~~~~~~~~~~~~~~~~
/Users/williamcory/voltaire/packages/voltaire-zig/src/primitives/Transaction/Transaction.zig:1:1: note: struct declared here
//! Ethereum Transaction Types - Complete transaction format support
^~~~~~~~~~~~~~~~~~~~~~~~~~~~~~~~~~~~~~~~~~~~~~~~~~~~~~~~~~~~~~~~~~~~
client/txpool/limits.zig:507:24: error: root source file struct 'Transaction.Transaction' has no member named 'Eip2930Transaction'
            T == tx_mod.Eip2930Transaction or
                 ~~~~~~^~~~~~~~~~~~~~~~~~~
/Users/williamcory/voltaire/packages/voltaire-zig/src/primitives/Transaction/Transaction.zig:1:1: note: struct declared here
//! Ethereum Transaction Types - Complete transaction format support
^~~~~~~~~~~~~~~~~~~~~~~~~~~~~~~~~~~~~~~~~~~~~~~~~~~~~~~~~~~~~~~~~~~~
client/txpool/limits.zig:507:24: error: root source file struct 'Transaction.Transaction' has no member named 'Eip2930Transaction'
            T == tx_mod.Eip2930Transaction or
                 ~~~~~~^~~~~~~~~~~~~~~~~~~
/Users/williamcory/voltaire/packages/voltaire-zig/src/primitives/Transaction/Transaction.zig:1:1: note: struct declared here
//! Ethereum Transaction Types - Complete transaction format support
^~~~~~~~~~~~~~~~~~~~~~~~~~~~~~~~~~~~~~~~~~~~~~~~~~~~~~~~~~~~~~~~~~~~
client/txpool/limits.zig:1092:27: error: root source file struct 'Transaction.Transaction' has no member named 'Eip2930Transaction'
    var tx_signed = tx_mod.Eip2930Transaction{
                    ~~~~~~^~~~~~~~~~~~~~~~~~~
/Users/williamcory/voltaire/packages/voltaire-zig/src/primitives/Transaction/Transaction.zig:1:1: note: struct declared here
//! Ethereum Transaction Types - Complete transaction format support
^~~~~~~~~~~~~~~~~~~~~~~~~~~~~~~~~~~~~~~~~~~~~~~~~~~~~~~~~~~~~~~~~~~~
/Users/williamcory/voltaire/packages/voltaire-zig/src/primitives/Authorization/authorization.zig:187:30: error: expected 2 argument(s), found 1
        const len_bytes = rlp.encodeLength(list.items.len);
                          ~~~^~~~~~~~~~~~~
/Users/williamcory/voltaire/packages/voltaire-zig/src/primitives/Rlp/Rlp.zig:269:5: note: function declared here
pub fn encodeLength(allocator: Allocator, length: usize) ![]u8 {
~~~~^~~~~~~~~~~~~~~~~~~~~~~~~~~~~~~~~~~~~~~~~~~~~~~~~~~~~~~~~~
error: the following command failed with 8 compilation errors:
/Users/williamcory/.zvm/0.15.2/zig test -ODebug --dep primitives --dep guillotine -Mroot=/Users/williamcory/guillotine-mini/client/txpool/root.zig .zig-cache/o/bb74f6123bb67e452b6af015f4c98ed2/libc-kzg-4844.a .zig-cache/o/4b4b9c039063ff95c613d3c16ed22aa8/libblst.a /Users/williamcory/voltaire/target/release/libcrypto_wrappers.a -ODebug -I .zig-cache/o/a6fb089e932f705ef1065695b36c6e90 -I .zig-cache/o/a6fb089e932f705ef1065695b36c6e90 -I /Users/williamcory/guillotine-mini/../voltaire/packages/voltaire-zig/lib --dep crypto --dep z_ens_normalize -Mprimitives=/Users/williamcory/voltaire/packages/voltaire-zig/src/primitives/root.zig --dep primitives --dep precompiles --dep crypto -Mguillotine=/Users/williamcory/guillotine-mini/src/root.zig .zig-cache/o/bb74f6123bb67e452b6af015f4c98ed2/libc-kzg-4844.a .zig-cache/o/4b4b9c039063ff95c613d3c16ed22aa8/libblst.a /Users/williamcory/voltaire/target/release/libcrypto_wrappers.a -ODebug -I /Users/williamcory/guillotine-mini/../voltaire/packages/voltaire-zig/lib -I .zig-cache/o/a6fb089e932f705ef1065695b36c6e90 -I .zig-cache/o/a6fb089e932f705ef1065695b36c6e90 -I /Users/williamcory/guillotine-mini/../voltaire/packages/voltaire-zig/lib --dep c_kzg --dep primitives -Mcrypto=/Users/williamcory/voltaire/packages/voltaire-zig/src/crypto/root.zig -ODebug -Mz_ens_normalize=/Users/williamcory/.cache/zig/p/z_ens_normalize-0.0.0-Iv6nMI2_AgCrLtEnZZnoeP87kZtP-36iIWzj3cD3v-vd/src/root.zig .zig-cache/o/bb74f6123bb67e452b6af015f4c98ed2/libc-kzg-4844.a .zig-cache/o/4b4b9c039063ff95c613d3c16ed22aa8/libblst.a /Users/williamcory/voltaire/target/release/libcrypto_wrappers.a -ODebug -I .zig-cache/o/a6fb089e932f705ef1065695b36c6e90 -I .zig-cache/o/a6fb089e932f705ef1065695b36c6e90 -I /Users/williamcory/guillotine-mini/../voltaire/packages/voltaire-zig/lib --dep primitives --dep crypto -Mprecompiles=/Users/williamcory/voltaire/packages/voltaire-zig/src/evm/precompiles/root.zig .zig-cache/o/bb74f6123bb67e452b6af015f4c98ed2/libc-kzg-4844.a .zig-cache/o/4b4b9c039063ff95c613d3c16ed22aa8/libblst.a -ODebug -I .zig-cache/o/a6fb089e932f705ef1065695b36c6e90 -I .zig-cache/o/a6fb089e932f705ef1065695b36c6e90 -I /Users/williamcory/guillotine-mini/../voltaire/packages/voltaire-zig/lib/c-kzg-4844/src -I /Users/williamcory/guillotine-mini/../voltaire/packages/voltaire-zig/lib/c-kzg-4844/blst/bindings -Mc_kzg=/Users/williamcory/voltaire/packages/voltaire-zig/lib/c-kzg-4844/bindings/zig/root.zig .zig-cache/o/4b4b9c039063ff95c613d3c16ed22aa8/libblst.a -lc --cache-dir .zig-cache --global-cache-dir /Users/williamcory/.cache/zig --name test --zig-lib-dir /Users/williamcory/.zvm/0.15.2/lib/ --listen=-
Found 2208 generated state test files
Updated /Users/williamcory/guillotine-mini/test/specs/root.zig with 2208 state test imports
test
+- run test
   +- compile test Debug native 1 errors
client/rpc/error.zig:53:35: error: no field named 'resource_not_found_legacy' in enum 'error.JsonRpcErrorCode'
            .resource_not_found, .resource_not_found_legacy, .default => "Resource not found",
                                 ~^~~~~~~~~~~~~~~~~~~~~~~~~
client/rpc/error.zig:9:30: note: enum declared here
pub const JsonRpcErrorCode = enum(i32) {
                             ^~~~
referenced by:
    test.jsonrpc error default messages include nethermind extensions: client/rpc/error.zig:149:112
    errors: client/rpc/root.zig:5:24
    3 reference(s) hidden; use '-freference-trace=5' to see all references
error: the following command failed with 1 compilation errors:
/Users/williamcory/.zvm/0.15.2/zig test -ODebug --dep primitives --dep crypto --dep jsonrpc -Mroot=/Users/williamcory/guillotine-mini/client/rpc/root.zig .zig-cache/o/bb74f6123bb67e452b6af015f4c98ed2/libc-kzg-4844.a .zig-cache/o/4b4b9c039063ff95c613d3c16ed22aa8/libblst.a /Users/williamcory/voltaire/target/release/libcrypto_wrappers.a -ODebug -I .zig-cache/o/a6fb089e932f705ef1065695b36c6e90 -I .zig-cache/o/a6fb089e932f705ef1065695b36c6e90 -I /Users/williamcory/guillotine-mini/../voltaire/packages/voltaire-zig/lib --dep crypto --dep z_ens_normalize -Mprimitives=/Users/williamcory/voltaire/packages/voltaire-zig/src/primitives/root.zig .zig-cache/o/bb74f6123bb67e452b6af015f4c98ed2/libc-kzg-4844.a .zig-cache/o/4b4b9c039063ff95c613d3c16ed22aa8/libblst.a /Users/williamcory/voltaire/target/release/libcrypto_wrappers.a -ODebug -I /Users/williamcory/guillotine-mini/../voltaire/packages/voltaire-zig/lib -I .zig-cache/o/a6fb089e932f705ef1065695b36c6e90 -I .zig-cache/o/a6fb089e932f705ef1065695b36c6e90 -I /Users/williamcory/guillotine-mini/../voltaire/packages/voltaire-zig/lib --dep c_kzg --dep primitives -Mcrypto=/Users/williamcory/voltaire/packages/voltaire-zig/src/crypto/root.zig -ODebug --dep primitives --dep crypto -Mjsonrpc=/Users/williamcory/voltaire/packages/voltaire-zig/src/jsonrpc/root.zig -ODebug -Mz_ens_normalize=/Users/williamcory/.cache/zig/p/z_ens_normalize-0.0.0-Iv6nMI2_AgCrLtEnZZnoeP87kZtP-36iIWzj3cD3v-vd/src/root.zig .zig-cache/o/bb74f6123bb67e452b6af015f4c98ed2/libc-kzg-4844.a .zig-cache/o/4b4b9c039063ff95c613d3c16ed22aa8/libblst.a -ODebug -I .zig-cache/o/a6fb089e932f705ef1065695b36c6e90 -I .zig-cache/o/a6fb089e932f705ef1065695b36c6e90 -I /Users/williamcory/guillotine-mini/../voltaire/packages/voltaire-zig/lib/c-kzg-4844/src -I /Users/williamcory/guillotine-mini/../voltaire/packages/voltaire-zig/lib/c-kzg-4844/blst/bindings -Mc_kzg=/Users/williamcory/voltaire/packages/voltaire-zig/lib/c-kzg-4844/bindings/zig/root.zig .zig-cache/o/4b4b9c039063ff95c613d3c16ed22aa8/libblst.a -lc --cache-dir .zig-cache --global-cache-dir /Users/williamcory/.cache/zig --name test --zig-lib-dir /Users/williamcory/.zvm/0.15.2/lib/ --listen=-
test
+- run test
   +- compile test Debug native 3 errors
client/blockchain/chain.zig:299:9: error: local variable is never mutated
    var nb_block = get_block_local(chain, b) orelse return null;
        ^~~~~~~~
client/blockchain/chain.zig:299:9: note: consider using 'const'
client/blockchain/chain.zig:298:9: error: local variable is never mutated
    var na_block = get_block_local(chain, a) orelse return null;
        ^~~~~~~~
client/blockchain/chain.zig:298:9: note: consider using 'const'
client/blockchain/chain.zig:416:32: error: expected 32 array elements; found 1
    h_a.parent_hash = Hash.Hash{0x11} ** 32;
                      ~~~~~~~~~^~~~~~
referenced by:
    chain: client/blockchain/root.zig:2:23
    Chain: client/blockchain/root.zig:12:19
    2 reference(s) hidden; use '-freference-trace=4' to see all references
error: the following command failed with 3 compilation errors:
/Users/williamcory/.zvm/0.15.2/zig test -ODebug --dep primitives --dep blockchain -Mroot=/Users/williamcory/guillotine-mini/client/blockchain/root.zig .zig-cache/o/bb74f6123bb67e452b6af015f4c98ed2/libc-kzg-4844.a .zig-cache/o/4b4b9c039063ff95c613d3c16ed22aa8/libblst.a /Users/williamcory/voltaire/target/release/libcrypto_wrappers.a -ODebug -I .zig-cache/o/a6fb089e932f705ef1065695b36c6e90 -I .zig-cache/o/a6fb089e932f705ef1065695b36c6e90 -I /Users/williamcory/guillotine-mini/../voltaire/packages/voltaire-zig/lib --dep crypto --dep z_ens_normalize -Mprimitives=/Users/williamcory/voltaire/packages/voltaire-zig/src/primitives/root.zig .zig-cache/o/bb74f6123bb67e452b6af015f4c98ed2/libc-kzg-4844.a .zig-cache/o/4b4b9c039063ff95c613d3c16ed22aa8/libblst.a /Users/williamcory/voltaire/target/release/libcrypto_wrappers.a -ODebug -I .zig-cache/o/a6fb089e932f705ef1065695b36c6e90 -I .zig-cache/o/a6fb089e932f705ef1065695b36c6e90 -I /Users/williamcory/guillotine-mini/../voltaire/packages/voltaire-zig/lib --dep primitives -Mblockchain=/Users/williamcory/voltaire/packages/voltaire-zig/src/blockchain/root.zig .zig-cache/o/bb74f6123bb67e452b6af015f4c98ed2/libc-kzg-4844.a .zig-cache/o/4b4b9c039063ff95c613d3c16ed22aa8/libblst.a /Users/williamcory/voltaire/target/release/libcrypto_wrappers.a -ODebug -I /Users/williamcory/guillotine-mini/../voltaire/packages/voltaire-zig/lib -I .zig-cache/o/a6fb089e932f705ef1065695b36c6e90 -I .zig-cache/o/a6fb089e932f705ef1065695b36c6e90 -I /Users/williamcory/guillotine-mini/../voltaire/packages/voltaire-zig/lib --dep c_kzg --dep primitives -Mcrypto=/Users/williamcory/voltaire/packages/voltaire-zig/src/crypto/root.zig -ODebug -Mz_ens_normalize=/Users/williamcory/.cache/zig/p/z_ens_normalize-0.0.0-Iv6nMI2_AgCrLtEnZZnoeP87kZtP-36iIWzj3cD3v-vd/src/root.zig .zig-cache/o/bb74f6123bb67e452b6af015f4c98ed2/libc-kzg-4844.a .zig-cache/o/4b4b9c039063ff95c613d3c16ed22aa8/libblst.a -ODebug -I .zig-cache/o/a6fb089e932f705ef1065695b36c6e90 -I .zig-cache/o/a6fb089e932f705ef1065695b36c6e90 -I /Users/williamcory/guillotine-mini/../voltaire/packages/voltaire-zig/lib/c-kzg-4844/src -I /Users/williamcory/guillotine-mini/../voltaire/packages/voltaire-zig/lib/c-kzg-4844/blst/bindings -Mc_kzg=/Users/williamcory/voltaire/packages/voltaire-zig/lib/c-kzg-4844/bindings/zig/root.zig .zig-cache/o/4b4b9c039063ff95c613d3c16ed22aa8/libblst.a -lc --cache-dir .zig-cache --global-cache-dir /Users/williamcory/.cache/zig --name test --zig-lib-dir /Users/williamcory/.zvm/0.15.2/lib/ --listen=-
test
+- run test
   +- compile test Debug native 7 errors
client/engine/api.zig:10:71: error: no field named 'engine_getClientVersionV1' in union 'engine.methods.EngineMethod'
const ClientVersionV1Method = @FieldType(jsonrpc.engine.EngineMethod, "engine_getClientVersionV1");
                                                                      ^~~~~~~~~~~~~~~~~~~~~~~~~~~
/Users/williamcory/voltaire/packages/voltaire-zig/src/jsonrpc/engine/methods.zig:27:26: note: union declared here
pub const EngineMethod = union(enum) {
                         ^~~~~
referenced by:
    ClientVersionV1Params: client/engine/api.zig:18:46
    test.engine api rejects invalid client version response: client/engine/api.zig:893:20
    4 reference(s) hidden; use '-freference-trace=6' to see all references
client/engine/api.zig:359:5: error: Unsupported Engine API capability list type
    @compileError("Unsupported Engine API capability list type");
    ^~~~~~~~~~~~~~~~~~~~~~~~~~~~~~~~~~~~~~~~~~~~~~~~~~~~~~~~~~~~
client/engine/api.zig:558:62: error: no field named 'value' in struct 'types.Quantity'
        .consensus_client_methods = jsonrpc.types.Quantity{ .value = .{ .array = invalid_array } },
                                                             ^~~~~
/Users/williamcory/voltaire/packages/voltaire-zig/src/jsonrpc/types/Quantity.zig:1:1: note: struct declared here
const std = @import("std");
^~~~~
client/engine/api.zig:706:68: error: no field named 'value' in struct 'types.Quantity'
        .consensus_client_configuration = jsonrpc.types.Quantity{ .value = .{ .object = obj } },
                                                                   ^~~~~
/Users/williamcory/voltaire/packages/voltaire-zig/src/jsonrpc/types/Quantity.zig:1:1: note: struct declared here
const std = @import("std");
^~~~~
client/engine/api.zig:737:68: error: no field named 'value' in struct 'types.Quantity'
        .consensus_client_configuration = jsonrpc.types.Quantity{ .value = .{ .object = obj } },
                                                                   ^~~~~
/Users/williamcory/voltaire/packages/voltaire-zig/src/jsonrpc/types/Quantity.zig:1:1: note: struct declared here
const std = @import("std");
^~~~~
client/engine/api.zig:758:68: error: no field named 'value' in struct 'types.Quantity'
        .consensus_client_configuration = jsonrpc.types.Quantity{ .value = .{ .object = good_obj } },
                                                                   ^~~~~
/Users/williamcory/voltaire/packages/voltaire-zig/src/jsonrpc/types/Quantity.zig:1:1: note: struct declared here
const std = @import("std");
^~~~~
client/engine/api.zig:817:79: error: no field named 'value' in struct 'types.Quantity'
    const params = GetPayloadV1Params{ .payload_id = jsonrpc.types.Quantity{ .value = .{ .string = "0x01" } } };
                                                                              ^~~~~
/Users/williamcory/voltaire/packages/voltaire-zig/src/jsonrpc/types/Quantity.zig:1:1: note: struct declared here
const std = @import("std");
^~~~~
error: the following command failed with 7 compilation errors:
/Users/williamcory/.zvm/0.15.2/zig test -ODebug --dep primitives --dep crypto --dep jsonrpc -Mroot=/Users/williamcory/guillotine-mini/client/engine/root.zig .zig-cache/o/bb74f6123bb67e452b6af015f4c98ed2/libc-kzg-4844.a .zig-cache/o/4b4b9c039063ff95c613d3c16ed22aa8/libblst.a /Users/williamcory/voltaire/target/release/libcrypto_wrappers.a -ODebug -I .zig-cache/o/a6fb089e932f705ef1065695b36c6e90 -I .zig-cache/o/a6fb089e932f705ef1065695b36c6e90 -I /Users/williamcory/guillotine-mini/../voltaire/packages/voltaire-zig/lib --dep crypto --dep z_ens_normalize -Mprimitives=/Users/williamcory/voltaire/packages/voltaire-zig/src/primitives/root.zig .zig-cache/o/bb74f6123bb67e452b6af015f4c98ed2/libc-kzg-4844.a .zig-cache/o/4b4b9c039063ff95c613d3c16ed22aa8/libblst.a /Users/williamcory/voltaire/target/release/libcrypto_wrappers.a -ODebug -I /Users/williamcory/guillotine-mini/../voltaire/packages/voltaire-zig/lib -I .zig-cache/o/a6fb089e932f705ef1065695b36c6e90 -I .zig-cache/o/a6fb089e932f705ef1065695b36c6e90 -I /Users/williamcory/guillotine-mini/../voltaire/packages/voltaire-zig/lib --dep c_kzg --dep primitives -Mcrypto=/Users/williamcory/voltaire/packages/voltaire-zig/src/crypto/root.zig -ODebug --dep primitives --dep crypto -Mjsonrpc=/Users/williamcory/voltaire/packages/voltaire-zig/src/jsonrpc/root.zig -ODebug -Mz_ens_normalize=/Users/williamcory/.cache/zig/p/z_ens_normalize-0.0.0-Iv6nMI2_AgCrLtEnZZnoeP87kZtP-36iIWzj3cD3v-vd/src/root.zig .zig-cache/o/bb74f6123bb67e452b6af015f4c98ed2/libc-kzg-4844.a .zig-cache/o/4b4b9c039063ff95c613d3c16ed22aa8/libblst.a -ODebug -I .zig-cache/o/a6fb089e932f705ef1065695b36c6e90 -I .zig-cache/o/a6fb089e932f705ef1065695b36c6e90 -I /Users/williamcory/guillotine-mini/../voltaire/packages/voltaire-zig/lib/c-kzg-4844/src -I /Users/williamcory/guillotine-mini/../voltaire/packages/voltaire-zig/lib/c-kzg-4844/blst/bindings -Mc_kzg=/Users/williamcory/voltaire/packages/voltaire-zig/lib/c-kzg-4844/bindings/zig/root.zig .zig-cache/o/4b4b9c039063ff95c613d3c16ed22aa8/libblst.a -lc --cache-dir .zig-cache --global-cache-dir /Users/williamcory/.cache/zig --name test --zig-lib-dir /Users/williamcory/.zvm/0.15.2/lib/ --listen=-
test
+- run test
   +- compile test Debug native 2 errors
client/blockchain/chain.zig:299:9: error: local variable is never mutated
    var nb_block = get_block_local(chain, b) orelse return null;
        ^~~~~~~~
client/blockchain/chain.zig:299:9: note: consider using 'const'
client/blockchain/chain.zig:298:9: error: local variable is never mutated
    var na_block = get_block_local(chain, a) orelse return null;
        ^~~~~~~~
client/blockchain/chain.zig:298:9: note: consider using 'const'
error: the following command failed with 2 compilation errors:
/Users/williamcory/.zvm/0.15.2/zig test -ODebug --dep evm --dep primitives --dep client_blockchain -Mroot=/Users/williamcory/guillotine-mini/test/specs/root.zig -ODebug --dep primitives --dep precompiles --dep crypto -Mevm=/Users/williamcory/guillotine-mini/src/root.zig .zig-cache/o/bb74f6123bb67e452b6af015f4c98ed2/libc-kzg-4844.a .zig-cache/o/4b4b9c039063ff95c613d3c16ed22aa8/libblst.a /Users/williamcory/voltaire/target/release/libcrypto_wrappers.a -ODebug -I .zig-cache/o/a6fb089e932f705ef1065695b36c6e90 -I .zig-cache/o/a6fb089e932f705ef1065695b36c6e90 -I /Users/williamcory/guillotine-mini/../voltaire/packages/voltaire-zig/lib --dep crypto --dep z_ens_normalize -Mprimitives=/Users/williamcory/voltaire/packages/voltaire-zig/src/primitives/root.zig -ODebug --dep primitives --dep blockchain -Mclient_blockchain=/Users/williamcory/guillotine-mini/client/blockchain/root.zig .zig-cache/o/bb74f6123bb67e452b6af015f4c98ed2/libc-kzg-4844.a .zig-cache/o/4b4b9c039063ff95c613d3c16ed22aa8/libblst.a /Users/williamcory/voltaire/target/release/libcrypto_wrappers.a -ODebug -I .zig-cache/o/a6fb089e932f705ef1065695b36c6e90 -I .zig-cache/o/a6fb089e932f705ef1065695b36c6e90 -I /Users/williamcory/guillotine-mini/../voltaire/packages/voltaire-zig/lib --dep primitives --dep crypto -Mprecompiles=/Users/williamcory/voltaire/packages/voltaire-zig/src/evm/precompiles/root.zig .zig-cache/o/bb74f6123bb67e452b6af015f4c98ed2/libc-kzg-4844.a .zig-cache/o/4b4b9c039063ff95c613d3c16ed22aa8/libblst.a /Users/williamcory/voltaire/target/release/libcrypto_wrappers.a -ODebug -I /Users/williamcory/guillotine-mini/../voltaire/packages/voltaire-zig/lib -I .zig-cache/o/a6fb089e932f705ef1065695b36c6e90 -I .zig-cache/o/a6fb089e932f705ef1065695b36c6e90 -I /Users/williamcory/guillotine-mini/../voltaire/packages/voltaire-zig/lib --dep c_kzg --dep primitives -Mcrypto=/Users/williamcory/voltaire/packages/voltaire-zig/src/crypto/root.zig -ODebug -Mz_ens_normalize=/Users/williamcory/.cache/zig/p/z_ens_normalize-0.0.0-Iv6nMI2_AgCrLtEnZZnoeP87kZtP-36iIWzj3cD3v-vd/src/root.zig .zig-cache/o/bb74f6123bb67e452b6af015f4c98ed2/libc-kzg-4844.a .zig-cache/o/4b4b9c039063ff95c613d3c16ed22aa8/libblst.a /Users/williamcory/voltaire/target/release/libcrypto_wrappers.a -ODebug -I .zig-cache/o/a6fb089e932f705ef1065695b36c6e90 -I .zig-cache/o/a6fb089e932f705ef1065695b36c6e90 -I /Users/williamcory/guillotine-mini/../voltaire/packages/voltaire-zig/lib --dep primitives -Mblockchain=/Users/williamcory/voltaire/packages/voltaire-zig/src/blockchain/root.zig .zig-cache/o/bb74f6123bb67e452b6af015f4c98ed2/libc-kzg-4844.a .zig-cache/o/4b4b9c039063ff95c613d3c16ed22aa8/libblst.a -ODebug -I .zig-cache/o/a6fb089e932f705ef1065695b36c6e90 -I .zig-cache/o/a6fb089e932f705ef1065695b36c6e90 -I /Users/williamcory/guillotine-mini/../voltaire/packages/voltaire-zig/lib/c-kzg-4844/src -I /Users/williamcory/guillotine-mini/../voltaire/packages/voltaire-zig/lib/c-kzg-4844/blst/bindings -Mc_kzg=/Users/williamcory/voltaire/packages/voltaire-zig/lib/c-kzg-4844/bindings/zig/root.zig .zig-cache/o/4b4b9c039063ff95c613d3c16ed22aa8/libblst.a -lc --test-runner /Users/williamcory/guillotine-mini/test_runner.zig --cache-dir .zig-cache --global-cache-dir /Users/williamcory/.cache/zig --name test --zig-lib-dir /Users/williamcory/.zvm/0.15.2/lib/ --listen=-

Build Summary: 25/37 steps succeeded; 6 failed; 796/798 tests passed; 1 skipped; 1 failed
test transitive failure
+- run test transitive failure
|  +- compile test Debug native 3 errors
+- run test transitive failure
|  +- compile test Debug native 8 errors
+- run test transitive failure
|  +- compile test Debug native 1 errors
+- run test transitive failure
|  +- compile test Debug native 7 errors
+- run test 52/53 passed, 1 failed
+- run test transitive failure
   +- compile test Debug native 2 errors

error: the following build command failed with exit code 1:
.zig-cache/o/5727250b48c5ecba158e832c90be2c16/build /Users/williamcory/.zvm/0.15.2/zig /Users/williamcory/.zvm/0.15.2/lib /Users/williamcory/guillotine-mini .zig-cache /Users/williamcory/.cache/zig --seed 0xfb9393db -Z47cd4aa52517ff1c test
