+ cc -O2 -fno-builtin -fPIC -Wall -Wextra -Werror -c ./src/server.c
+ cc -O2 -fno-builtin -fPIC -Wall -Wextra -Werror -c ./build/assembly.S
+ ar rc libblst.a assembly.o server.o
+ ranlib libblst.a
unit
+- run test 52/53 passed, 1 failed
error: 'processor.test.validate_transaction — 1559 access list intrinsic gas' failed: DEBUG: JournaledState.getAccount called
DEBUG: address bytes[0..4]={ 170, 0, 0, 0 }
DEBUG: checking normal cache...
DEBUG: checking fork_backend...
DEBUG: no fork backend, returning empty account
DEBUG: JournaledState.getAccount called
DEBUG: address bytes[0..4]={ 170, 0, 0, 0 }
DEBUG: checking normal cache...
DEBUG: checking fork_backend...
DEBUG: no fork backend, returning empty account
DEBUG: JournaledState.getAccount called
DEBUG: address bytes[0..4]={ 170, 0, 0, 0 }
DEBUG: checking normal cache...
DEBUG: found in normal cache
DEBUG: JournaledState.getAccount called
DEBUG: address bytes[0..4]={ 170, 0, 0, 0 }
DEBUG: checking normal cache...
DEBUG: found in normal cache
DEBUG: JournaledState.getAccount called
DEBUG: address bytes[0..4]={ 170, 0, 0, 0 }
DEBUG: checking normal cache...
DEBUG: found in normal cache
DEBUG: JournaledState.getAccount called
DEBUG: address bytes[0..4]={ 187, 0, 0, 0 }
DEBUG: checking normal cache...
DEBUG: checking fork_backend...
DEBUG: no fork backend, returning empty account
DEBUG: JournaledState.getAccount called
DEBUG: address bytes[0..4]={ 187, 0, 0, 0 }
DEBUG: checking normal cache...
DEBUG: checking fork_backend...
DEBUG: no fork backend, returning empty account
DEBUG: JournaledState.getAccount called
DEBUG: address bytes[0..4]={ 187, 0, 0, 0 }
DEBUG: checking normal cache...
DEBUG: found in normal cache
DEBUG: JournaledState.getAccount called
DEBUG: address bytes[0..4]={ 238, 0, 0, 0 }
DEBUG: checking normal cache...
DEBUG: checking fork_backend...
DEBUG: no fork backend, returning empty account
DEBUG: JournaledState.getAccount called
DEBUG: address bytes[0..4]={ 238, 0, 0, 0 }
DEBUG: checking normal cache...
DEBUG: found in normal cache
DEBUG: JournaledState.getAccount called
DEBUG: address bytes[0..4]={ 238, 0, 0, 0 }
DEBUG: checking normal cache...
DEBUG: found in normal cache
DEBUG: JournaledState.getAccount called
DEBUG: address bytes[0..4]={ 238, 0, 0, 0 }
DEBUG: checking normal cache...
DEBUG: found in normal cache
DEBUG: JournaledState.getAccount called
DEBUG: address bytes[0..4]={ 238, 0, 0, 0 }
DEBUG: checking normal cache...
DEBUG: found in normal cache
DEBUG: JournaledState.getAccount called
DEBUG: address bytes[0..4]={ 1, 0, 0, 0 }
DEBUG: checking normal cache...
DEBUG: checking fork_backend...
DEBUG: no fork backend, returning empty account
DEBUG: JournaledState.getAccount called
DEBUG: address bytes[0..4]={ 2, 0, 0, 0 }
DEBUG: checking normal cache...
DEBUG: checking fork_backend...
DEBUG: no fork backend, returning empty account
DEBUG: JournaledState.getAccount called
DEBUG: address bytes[0..4]={ 1, 0, 0, 0 }
DEBUG: checking normal cache...
DEBUG: found in normal cache
DEBUG: JournaledState.getAccount called
DEBUG: address bytes[0..4]={ 2, 0, 0, 0 }
DEBUG: checking normal cache...
DEBUG: found in normal cache
DEBUG: JournaledState.getAccount called
DEBUG: address bytes[0..4]={ 255, 0, 0, 0 }
DEBUG: checking normal cache...
DEBUG: checking fork_backend...
DEBUG: no fork backend, returning empty account
DEBUG: JournaledState.getAccount called
DEBUG: address bytes[0..4]={ 255, 0, 0, 0 }
DEBUG: checking normal cache...
DEBUG: checking fork_backend...
DEBUG: no fork backend, returning empty account
DEBUG: JournaledState.getAccount called
DEBUG: address bytes[0..4]={ 66, 0, 0, 0 }
DEBUG: checking normal cache...
DEBUG: checking fork_backend...
DEBUG: no fork backend, returning empty account
DEBUG: JournaledState.getAccount called
DEBUG: address bytes[0..4]={ 66, 0, 0, 0 }
DEBUG: checking normal cache...
DEBUG: found in normal cache
DEBUG: JournaledState.getAccount called
DEBUG: address bytes[0..4]={ 66, 0, 0, 0 }
DEBUG: checking normal cache...
DEBUG: found in normal cache
DEBUG: JournaledState.getAccount called
DEBUG: address bytes[0..4]={ 66, 0, 0, 0 }
DEBUG: checking normal cache...
DEBUG: found in normal cache
/Users/williamcory/guillotine-mini/client/evm/processor.zig:69:38: 0x100bbe40b in validate_transaction__anon_32714 (test)
        if (hardfork.isBefore(fork)) return error.UnsupportedTransactionType;
                                     ^
/Users/williamcory/guillotine-mini/client/evm/processor.zig:291:23: 0x100bbe6d3 in test.validate_transaction — 1559 access list intrinsic gas (test)
    const intrinsic = try validate_transaction(tx, .BERLIN);
                      ^
error: while executing test 'processor.test.preprice_transaction — fork gating enforced', the following test command failed:
./.zig-cache/o/da4bbef3c8f41e3b8ab1fea82ef2c903/test --cache-dir=./.zig-cache --seed=0x62b81d6b --listen=-
unit
+- run test
   +- compile test Debug native 1 errors
client/rpc/error.zig:53:35: error: no field named 'resource_not_found_legacy' in enum 'error.JsonRpcErrorCode'
            .resource_not_found, .resource_not_found_legacy, .default => "Resource not found",
                                 ~^~~~~~~~~~~~~~~~~~~~~~~~~
client/rpc/error.zig:9:30: note: enum declared here
pub const JsonRpcErrorCode = enum(i32) {
                             ^~~~
referenced by:
    test.jsonrpc error default messages include nethermind extensions: client/rpc/error.zig:149:112
    errors: client/rpc/root.zig:5:24
    JsonRpcErrorCode: client/rpc/root.zig:12:30
    refAllDecls__anon_438: /Users/williamcory/.zvm/0.15.2/lib/std/testing.zig:1179:14
    test_0: client/rpc/root.zig:19:28
error: the following command failed with 1 compilation errors:
/Users/williamcory/.zvm/0.15.2/zig test -freference-trace=256 -ODebug --dep primitives --dep crypto --dep jsonrpc -Mroot=/Users/williamcory/guillotine-mini/client/rpc/root.zig .zig-cache/o/bb74f6123bb67e452b6af015f4c98ed2/libc-kzg-4844.a .zig-cache/o/4b4b9c039063ff95c613d3c16ed22aa8/libblst.a /Users/williamcory/voltaire/target/release/libcrypto_wrappers.a -ODebug -I .zig-cache/o/a6fb089e932f705ef1065695b36c6e90 -I .zig-cache/o/a6fb089e932f705ef1065695b36c6e90 -I /Users/williamcory/guillotine-mini/../voltaire/packages/voltaire-zig/lib --dep crypto --dep z_ens_normalize -Mprimitives=/Users/williamcory/voltaire/packages/voltaire-zig/src/primitives/root.zig .zig-cache/o/bb74f6123bb67e452b6af015f4c98ed2/libc-kzg-4844.a .zig-cache/o/4b4b9c039063ff95c613d3c16ed22aa8/libblst.a /Users/williamcory/voltaire/target/release/libcrypto_wrappers.a -ODebug -I /Users/williamcory/guillotine-mini/../voltaire/packages/voltaire-zig/lib -I .zig-cache/o/a6fb089e932f705ef1065695b36c6e90 -I .zig-cache/o/a6fb089e932f705ef1065695b36c6e90 -I /Users/williamcory/guillotine-mini/../voltaire/packages/voltaire-zig/lib --dep c_kzg --dep primitives -Mcrypto=/Users/williamcory/voltaire/packages/voltaire-zig/src/crypto/root.zig -ODebug --dep primitives --dep crypto -Mjsonrpc=/Users/williamcory/voltaire/packages/voltaire-zig/src/jsonrpc/root.zig -ODebug -Mz_ens_normalize=/Users/williamcory/.cache/zig/p/z_ens_normalize-0.0.0-Iv6nMI2_AgCrLtEnZZnoeP87kZtP-36iIWzj3cD3v-vd/src/root.zig .zig-cache/o/bb74f6123bb67e452b6af015f4c98ed2/libc-kzg-4844.a .zig-cache/o/4b4b9c039063ff95c613d3c16ed22aa8/libblst.a -ODebug -I .zig-cache/o/a6fb089e932f705ef1065695b36c6e90 -I .zig-cache/o/a6fb089e932f705ef1065695b36c6e90 -I /Users/williamcory/guillotine-mini/../voltaire/packages/voltaire-zig/lib/c-kzg-4844/src -I /Users/williamcory/guillotine-mini/../voltaire/packages/voltaire-zig/lib/c-kzg-4844/blst/bindings -Mc_kzg=/Users/williamcory/voltaire/packages/voltaire-zig/lib/c-kzg-4844/bindings/zig/root.zig .zig-cache/o/4b4b9c039063ff95c613d3c16ed22aa8/libblst.a -lc --cache-dir .zig-cache --global-cache-dir /Users/williamcory/.cache/zig --name test --zig-lib-dir /Users/williamcory/.zvm/0.15.2/lib/ --listen=-
unit
+- run test
   +- compile test Debug native 7 errors
client/engine/api.zig:10:71: error: no field named 'engine_getClientVersionV1' in union 'engine.methods.EngineMethod'
const ClientVersionV1Method = @FieldType(jsonrpc.engine.EngineMethod, "engine_getClientVersionV1");
                                                                      ^~~~~~~~~~~~~~~~~~~~~~~~~~~
/Users/williamcory/voltaire/packages/voltaire-zig/src/jsonrpc/engine/methods.zig:27:26: note: union declared here
pub const EngineMethod = union(enum) {
                         ^~~~~
referenced by:
    ClientVersionV1Params: client/engine/api.zig:18:46
    test.engine api rejects invalid client version response: client/engine/api.zig:893:20
    api: client/engine/root.zig:4:21
    EngineApi: client/engine/root.zig:7:23
    refAllDecls__anon_438: /Users/williamcory/.zvm/0.15.2/lib/std/testing.zig:1179:14
    test_0: client/engine/root.zig:10:28
client/engine/api.zig:359:5: error: Unsupported Engine API capability list type
    @compileError("Unsupported Engine API capability list type");
    ^~~~~~~~~~~~~~~~~~~~~~~~~~~~~~~~~~~~~~~~~~~~~~~~~~~~~~~~~~~~
referenced by:
    test.engine api generic dispatcher routes exchangeCapabilities: client/engine/api.zig:782:53
    api: client/engine/root.zig:4:21
    EngineApi: client/engine/root.zig:7:23
    refAllDecls__anon_438: /Users/williamcory/.zvm/0.15.2/lib/std/testing.zig:1179:14
    test_0: client/engine/root.zig:10:28
client/engine/api.zig:558:62: error: no field named 'value' in struct 'types.Quantity'
        .consensus_client_methods = jsonrpc.types.Quantity{ .value = .{ .array = invalid_array } },
                                                             ^~~~~
/Users/williamcory/voltaire/packages/voltaire-zig/src/jsonrpc/types/Quantity.zig:1:1: note: struct declared here
const std = @import("std");
^~~~~
referenced by:
    api: client/engine/root.zig:4:21
    EngineApi: client/engine/root.zig:7:23
    refAllDecls__anon_438: /Users/williamcory/.zvm/0.15.2/lib/std/testing.zig:1179:14
    test_0: client/engine/root.zig:10:28
client/engine/api.zig:706:68: error: no field named 'value' in struct 'types.Quantity'
        .consensus_client_configuration = jsonrpc.types.Quantity{ .value = .{ .object = obj } },
                                                                   ^~~~~
/Users/williamcory/voltaire/packages/voltaire-zig/src/jsonrpc/types/Quantity.zig:1:1: note: struct declared here
const std = @import("std");
^~~~~
referenced by:
    api: client/engine/root.zig:4:21
    EngineApi: client/engine/root.zig:7:23
    refAllDecls__anon_438: /Users/williamcory/.zvm/0.15.2/lib/std/testing.zig:1179:14
    test_0: client/engine/root.zig:10:28
client/engine/api.zig:737:68: error: no field named 'value' in struct 'types.Quantity'
        .consensus_client_configuration = jsonrpc.types.Quantity{ .value = .{ .object = obj } },
                                                                   ^~~~~
/Users/williamcory/voltaire/packages/voltaire-zig/src/jsonrpc/types/Quantity.zig:1:1: note: struct declared here
const std = @import("std");
^~~~~
referenced by:
    api: client/engine/root.zig:4:21
    EngineApi: client/engine/root.zig:7:23
    refAllDecls__anon_438: /Users/williamcory/.zvm/0.15.2/lib/std/testing.zig:1179:14
    test_0: client/engine/root.zig:10:28
client/engine/api.zig:758:68: error: no field named 'value' in struct 'types.Quantity'
        .consensus_client_configuration = jsonrpc.types.Quantity{ .value = .{ .object = good_obj } },
                                                                   ^~~~~
/Users/williamcory/voltaire/packages/voltaire-zig/src/jsonrpc/types/Quantity.zig:1:1: note: struct declared here
const std = @import("std");
^~~~~
referenced by:
    api: client/engine/root.zig:4:21
    EngineApi: client/engine/root.zig:7:23
    refAllDecls__anon_438: /Users/williamcory/.zvm/0.15.2/lib/std/testing.zig:1179:14
    test_0: client/engine/root.zig:10:28
client/engine/api.zig:817:79: error: no field named 'value' in struct 'types.Quantity'
    const params = GetPayloadV1Params{ .payload_id = jsonrpc.types.Quantity{ .value = .{ .string = "0x01" } } };
                                                                              ^~~~~
/Users/williamcory/voltaire/packages/voltaire-zig/src/jsonrpc/types/Quantity.zig:1:1: note: struct declared here
const std = @import("std");
^~~~~
referenced by:
    api: client/engine/root.zig:4:21
    EngineApi: client/engine/root.zig:7:23
    refAllDecls__anon_438: /Users/williamcory/.zvm/0.15.2/lib/std/testing.zig:1179:14
    test_0: client/engine/root.zig:10:28
error: the following command failed with 7 compilation errors:
/Users/williamcory/.zvm/0.15.2/zig test -freference-trace=256 -ODebug --dep primitives --dep crypto --dep jsonrpc -Mroot=/Users/williamcory/guillotine-mini/client/engine/root.zig .zig-cache/o/bb74f6123bb67e452b6af015f4c98ed2/libc-kzg-4844.a .zig-cache/o/4b4b9c039063ff95c613d3c16ed22aa8/libblst.a /Users/williamcory/voltaire/target/release/libcrypto_wrappers.a -ODebug -I .zig-cache/o/a6fb089e932f705ef1065695b36c6e90 -I .zig-cache/o/a6fb089e932f705ef1065695b36c6e90 -I /Users/williamcory/guillotine-mini/../voltaire/packages/voltaire-zig/lib --dep crypto --dep z_ens_normalize -Mprimitives=/Users/williamcory/voltaire/packages/voltaire-zig/src/primitives/root.zig .zig-cache/o/bb74f6123bb67e452b6af015f4c98ed2/libc-kzg-4844.a .zig-cache/o/4b4b9c039063ff95c613d3c16ed22aa8/libblst.a /Users/williamcory/voltaire/target/release/libcrypto_wrappers.a -ODebug -I /Users/williamcory/guillotine-mini/../voltaire/packages/voltaire-zig/lib -I .zig-cache/o/a6fb089e932f705ef1065695b36c6e90 -I .zig-cache/o/a6fb089e932f705ef1065695b36c6e90 -I /Users/williamcory/guillotine-mini/../voltaire/packages/voltaire-zig/lib --dep c_kzg --dep primitives -Mcrypto=/Users/williamcory/voltaire/packages/voltaire-zig/src/crypto/root.zig -ODebug --dep primitives --dep crypto -Mjsonrpc=/Users/williamcory/voltaire/packages/voltaire-zig/src/jsonrpc/root.zig -ODebug -Mz_ens_normalize=/Users/williamcory/.cache/zig/p/z_ens_normalize-0.0.0-Iv6nMI2_AgCrLtEnZZnoeP87kZtP-36iIWzj3cD3v-vd/src/root.zig .zig-cache/o/bb74f6123bb67e452b6af015f4c98ed2/libc-kzg-4844.a .zig-cache/o/4b4b9c039063ff95c613d3c16ed22aa8/libblst.a -ODebug -I .zig-cache/o/a6fb089e932f705ef1065695b36c6e90 -I .zig-cache/o/a6fb089e932f705ef1065695b36c6e90 -I /Users/williamcory/guillotine-mini/../voltaire/packages/voltaire-zig/lib/c-kzg-4844/src -I /Users/williamcory/guillotine-mini/../voltaire/packages/voltaire-zig/lib/c-kzg-4844/blst/bindings -Mc_kzg=/Users/williamcory/voltaire/packages/voltaire-zig/lib/c-kzg-4844/bindings/zig/root.zig .zig-cache/o/4b4b9c039063ff95c613d3c16ed22aa8/libblst.a -lc --cache-dir .zig-cache --global-cache-dir /Users/williamcory/.cache/zig --name test --zig-lib-dir /Users/williamcory/.zvm/0.15.2/lib/ --listen=-
unit
+- run test
   +- compile test Debug native 8 errors
client/txpool/limits.zig:72:24: error: root source file struct 'Transaction.Transaction' has no member named 'Eip2930Transaction'
            T == tx_mod.Eip2930Transaction or
                 ~~~~~~^~~~~~~~~~~~~~~~~~~
/Users/williamcory/voltaire/packages/voltaire-zig/src/primitives/Transaction/Transaction.zig:1:1: note: struct declared here
//! Ethereum Transaction Types - Complete transaction format support
^~~~~~~~~~~~~~~~~~~~~~~~~~~~~~~~~~~~~~~~~~~~~~~~~~~~~~~~~~~~~~~~~~~~
referenced by:
    test.fits_gas_limit — works for typed txs (1559, 4844, 7702): client/txpool/limits.zig:1300:23
    limits: client/txpool/root.zig:6:24
    fits_size_limits: client/txpool/root.zig:16:30
    refAllDecls__anon_438: /Users/williamcory/.zvm/0.15.2/lib/std/testing.zig:1179:14
    test_0: client/txpool/root.zig:22:28
client/txpool/limits.zig:72:24: error: root source file struct 'Transaction.Transaction' has no member named 'Eip2930Transaction'
            T == tx_mod.Eip2930Transaction or
                 ~~~~~~^~~~~~~~~~~~~~~~~~~
/Users/williamcory/voltaire/packages/voltaire-zig/src/primitives/Transaction/Transaction.zig:1:1: note: struct declared here
//! Ethereum Transaction Types - Complete transaction format support
^~~~~~~~~~~~~~~~~~~~~~~~~~~~~~~~~~~~~~~~~~~~~~~~~~~~~~~~~~~~~~~~~~~~
referenced by:
    test.fits_gas_limit — works for typed txs (1559, 4844, 7702): client/txpool/limits.zig:1319:73
    limits: client/txpool/root.zig:6:24
    fits_size_limits: client/txpool/root.zig:16:30
    refAllDecls__anon_438: /Users/williamcory/.zvm/0.15.2/lib/std/testing.zig:1179:14
    test_0: client/txpool/root.zig:22:28
client/txpool/limits.zig:72:24: error: root source file struct 'Transaction.Transaction' has no member named 'Eip2930Transaction'
            T == tx_mod.Eip2930Transaction or
                 ~~~~~~^~~~~~~~~~~~~~~~~~~
/Users/williamcory/voltaire/packages/voltaire-zig/src/primitives/Transaction/Transaction.zig:1:1: note: struct declared here
//! Ethereum Transaction Types - Complete transaction format support
^~~~~~~~~~~~~~~~~~~~~~~~~~~~~~~~~~~~~~~~~~~~~~~~~~~~~~~~~~~~~~~~~~~~
referenced by:
    test.fits_gas_limit — works for typed txs (1559, 4844, 7702): client/txpool/limits.zig:1336:23
    limits: client/txpool/root.zig:6:24
    fits_size_limits: client/txpool/root.zig:16:30
    refAllDecls__anon_438: /Users/williamcory/.zvm/0.15.2/lib/std/testing.zig:1179:14
    test_0: client/txpool/root.zig:22:28
client/txpool/limits.zig:362:36: error: root source file struct 'Transaction.Transaction' has no member named 'Eip2930Transaction'
    } else if (comptime T == tx_mod.Eip2930Transaction) {
                             ~~~~~~^~~~~~~~~~~~~~~~~~~
/Users/williamcory/voltaire/packages/voltaire-zig/src/primitives/Transaction/Transaction.zig:1:1: note: struct declared here
//! Ethereum Transaction Types - Complete transaction format support
^~~~~~~~~~~~~~~~~~~~~~~~~~~~~~~~~~~~~~~~~~~~~~~~~~~~~~~~~~~~~~~~~~~~
referenced by:
    test.fits_size_limits — eip4844 (blob) within and over blob limit: client/txpool/limits.zig:865:25
    limits: client/txpool/root.zig:6:24
    fits_size_limits: client/txpool/root.zig:16:30
    refAllDecls__anon_438: /Users/williamcory/.zvm/0.15.2/lib/std/testing.zig:1179:14
    test_0: client/txpool/root.zig:22:28
client/txpool/limits.zig:507:24: error: root source file struct 'Transaction.Transaction' has no member named 'Eip2930Transaction'
            T == tx_mod.Eip2930Transaction or
                 ~~~~~~^~~~~~~~~~~~~~~~~~~
/Users/williamcory/voltaire/packages/voltaire-zig/src/primitives/Transaction/Transaction.zig:1:1: note: struct declared here
//! Ethereum Transaction Types - Complete transaction format support
^~~~~~~~~~~~~~~~~~~~~~~~~~~~~~~~~~~~~~~~~~~~~~~~~~~~~~~~~~~~~~~~~~~~
referenced by:
    test.enforce_min_priority_fee_for_blobs — no-op for non-blob txs: client/txpool/limits.zig:1356:43
    limits: client/txpool/root.zig:6:24
    fits_size_limits: client/txpool/root.zig:16:30
    refAllDecls__anon_438: /Users/williamcory/.zvm/0.15.2/lib/std/testing.zig:1179:14
    test_0: client/txpool/root.zig:22:28
client/txpool/limits.zig:507:24: error: root source file struct 'Transaction.Transaction' has no member named 'Eip2930Transaction'
            T == tx_mod.Eip2930Transaction or
                 ~~~~~~^~~~~~~~~~~~~~~~~~~
/Users/williamcory/voltaire/packages/voltaire-zig/src/primitives/Transaction/Transaction.zig:1:1: note: struct declared here
//! Ethereum Transaction Types - Complete transaction format support
^~~~~~~~~~~~~~~~~~~~~~~~~~~~~~~~~~~~~~~~~~~~~~~~~~~~~~~~~~~~~~~~~~~~
referenced by:
    test.enforce_min_priority_fee_for_blobs — min priority tip enforced for blob txs: client/txpool/limits.zig:1430:96
    limits: client/txpool/root.zig:6:24
    fits_size_limits: client/txpool/root.zig:16:30
    refAllDecls__anon_438: /Users/williamcory/.zvm/0.15.2/lib/std/testing.zig:1179:14
    test_0: client/txpool/root.zig:22:28
client/txpool/limits.zig:1092:27: error: root source file struct 'Transaction.Transaction' has no member named 'Eip2930Transaction'
    var tx_signed = tx_mod.Eip2930Transaction{
                    ~~~~~~^~~~~~~~~~~~~~~~~~~
/Users/williamcory/voltaire/packages/voltaire-zig/src/primitives/Transaction/Transaction.zig:1:1: note: struct declared here
//! Ethereum Transaction Types - Complete transaction format support
^~~~~~~~~~~~~~~~~~~~~~~~~~~~~~~~~~~~~~~~~~~~~~~~~~~~~~~~~~~~~~~~~~~~
referenced by:
    limits: client/txpool/root.zig:6:24
    fits_size_limits: client/txpool/root.zig:16:30
    refAllDecls__anon_438: /Users/williamcory/.zvm/0.15.2/lib/std/testing.zig:1179:14
    test_0: client/txpool/root.zig:22:28
/Users/williamcory/voltaire/packages/voltaire-zig/src/primitives/Authorization/authorization.zig:187:30: error: expected 2 argument(s), found 1
        const len_bytes = rlp.encodeLength(list.items.len);
                          ~~~^~~~~~~~~~~~~
/Users/williamcory/voltaire/packages/voltaire-zig/src/primitives/Rlp/Rlp.zig:269:5: note: function declared here
pub fn encodeLength(allocator: Allocator, length: usize) ![]u8 {
~~~~^~~~~~~~~~~~~~~~~~~~~~~~~~~~~~~~~~~~~~~~~~~~~~~~~~~~~~~~~~
referenced by:
    test.fits_size_limits — eip7702 within and over limit (signed): client/txpool/limits.zig:1043:73
    limits: client/txpool/root.zig:6:24
    fits_size_limits: client/txpool/root.zig:16:30
    refAllDecls__anon_438: /Users/williamcory/.zvm/0.15.2/lib/std/testing.zig:1179:14
    test_0: client/txpool/root.zig:22:28
error: the following command failed with 8 compilation errors:
/Users/williamcory/.zvm/0.15.2/zig test -freference-trace=256 -ODebug --dep primitives --dep guillotine -Mroot=/Users/williamcory/guillotine-mini/client/txpool/root.zig .zig-cache/o/bb74f6123bb67e452b6af015f4c98ed2/libc-kzg-4844.a .zig-cache/o/4b4b9c039063ff95c613d3c16ed22aa8/libblst.a /Users/williamcory/voltaire/target/release/libcrypto_wrappers.a -ODebug -I .zig-cache/o/a6fb089e932f705ef1065695b36c6e90 -I .zig-cache/o/a6fb089e932f705ef1065695b36c6e90 -I /Users/williamcory/guillotine-mini/../voltaire/packages/voltaire-zig/lib --dep crypto --dep z_ens_normalize -Mprimitives=/Users/williamcory/voltaire/packages/voltaire-zig/src/primitives/root.zig --dep primitives --dep precompiles --dep crypto -Mguillotine=/Users/williamcory/guillotine-mini/src/root.zig .zig-cache/o/bb74f6123bb67e452b6af015f4c98ed2/libc-kzg-4844.a .zig-cache/o/4b4b9c039063ff95c613d3c16ed22aa8/libblst.a /Users/williamcory/voltaire/target/release/libcrypto_wrappers.a -ODebug -I /Users/williamcory/guillotine-mini/../voltaire/packages/voltaire-zig/lib -I .zig-cache/o/a6fb089e932f705ef1065695b36c6e90 -I .zig-cache/o/a6fb089e932f705ef1065695b36c6e90 -I /Users/williamcory/guillotine-mini/../voltaire/packages/voltaire-zig/lib --dep c_kzg --dep primitives -Mcrypto=/Users/williamcory/voltaire/packages/voltaire-zig/src/crypto/root.zig -ODebug -Mz_ens_normalize=/Users/williamcory/.cache/zig/p/z_ens_normalize-0.0.0-Iv6nMI2_AgCrLtEnZZnoeP87kZtP-36iIWzj3cD3v-vd/src/root.zig .zig-cache/o/bb74f6123bb67e452b6af015f4c98ed2/libc-kzg-4844.a .zig-cache/o/4b4b9c039063ff95c613d3c16ed22aa8/libblst.a /Users/williamcory/voltaire/target/release/libcrypto_wrappers.a -ODebug -I .zig-cache/o/a6fb089e932f705ef1065695b36c6e90 -I .zig-cache/o/a6fb089e932f705ef1065695b36c6e90 -I /Users/williamcory/guillotine-mini/../voltaire/packages/voltaire-zig/lib --dep primitives --dep crypto -Mprecompiles=/Users/williamcory/voltaire/packages/voltaire-zig/src/evm/precompiles/root.zig .zig-cache/o/bb74f6123bb67e452b6af015f4c98ed2/libc-kzg-4844.a .zig-cache/o/4b4b9c039063ff95c613d3c16ed22aa8/libblst.a -ODebug -I .zig-cache/o/a6fb089e932f705ef1065695b36c6e90 -I .zig-cache/o/a6fb089e932f705ef1065695b36c6e90 -I /Users/williamcory/guillotine-mini/../voltaire/packages/voltaire-zig/lib/c-kzg-4844/src -I /Users/williamcory/guillotine-mini/../voltaire/packages/voltaire-zig/lib/c-kzg-4844/blst/bindings -Mc_kzg=/Users/williamcory/voltaire/packages/voltaire-zig/lib/c-kzg-4844/bindings/zig/root.zig .zig-cache/o/4b4b9c039063ff95c613d3c16ed22aa8/libblst.a -lc --cache-dir .zig-cache --global-cache-dir /Users/williamcory/.cache/zig --name test --zig-lib-dir /Users/williamcory/.zvm/0.15.2/lib/ --listen=-

Build Summary: 22/30 steps succeeded; 4 failed; 873/875 tests passed; 1 skipped; 1 failed
unit transitive failure
+- run test transitive failure
|  +- compile test Debug native 8 errors
+- run test transitive failure
|  +- compile test Debug native 1 errors
+- run test transitive failure
|  +- compile test Debug native 7 errors
+- run test 52/53 passed, 1 failed

error: the following build command failed with exit code 1:
.zig-cache/o/5727250b48c5ecba158e832c90be2c16/build /Users/williamcory/.zvm/0.15.2/zig /Users/williamcory/.zvm/0.15.2/lib /Users/williamcory/guillotine-mini .zig-cache /Users/williamcory/.cache/zig --seed 0x62b81d6b -Z3f4db7e8e03cd8e2 unit -freference-trace
